Arguments: 
  C:\Program Files\nodejs\node.exe C:\Users\Maksim.Yepifanau\AppData\Roaming\npm\node_modules\yarn\bin\yarn.js start

PATH: 
  C:\Program Files\Git\mingw64\bin;C:\Program Files\Git\usr\bin;C:\Users\Maksim.Yepifanau\bin;C:\Program Files (x86)\Common Files\Oracle\Java\javapath;C:\windows\system32;C:\windows;C:\windows\System32\Wbem;C:\windows\System32\WindowsPowerShell\v1.0;C:\windows\System32\OpenSSH;C:\Program Files\TortoiseSVN\bin;C:\Program Files\Git\cmd;C:\Program Files\apache-maven-3.5.4\bin;C:\Program Files\apache-tomcat-9.0.10\bin;C:\Program Files\nodejs;C:\Users\Maksim.Yepifanau\AppData\Local\Microsoft\WindowsApps;C:\Users\Maksim.Yepifanau\AppData\Local\Programs\Microsoft VS Code\bin;C:\Users\Maksim.Yepifanau\AppData\Roaming\npm;C:\Program Files\MongoDB\Server\4.0\bin;C:\Program Files\heroku\bin

Yarn version: 
  1.15.2

Node version: 
  10.15.3

Platform: 
  win32 x64

Trace: 
  SyntaxError: C:\Users\Maksim.Yepifanau\Desktop\Online-stock-frontend\package.json: Unexpected token < in JSON at position 2526
      at JSON.parse (<anonymous>)
      at C:\Users\Maksim.Yepifanau\AppData\Roaming\npm\node_modules\yarn\lib\cli.js:1625:59
      at Generator.next (<anonymous>)
      at step (C:\Users\Maksim.Yepifanau\AppData\Roaming\npm\node_modules\yarn\lib\cli.js:304:30)
      at C:\Users\Maksim.Yepifanau\AppData\Roaming\npm\node_modules\yarn\lib\cli.js:315:13

npm manifest: 
  {
    "name": "app",
    "version": "0.1.0",
    "private": true,
    "dependencies": {
      "@date-io/date-fns": "^1.3.9",
      "@date-io/moment": "^1.3.9",
      "@material-ui/core": "^4.3.2",
      "@material-ui/icons": "^4.2.1",
      "@material-ui/pickers": "^3.2.2",
      "@material-ui/styles": "^4.3.0",
      "axios": "^0.19.0",
      "bcrypt": "^3.0.6",
      "chart.js": "^2.8.0",
      "clsx": "^1.0.4",
      "date-fns": "^2.0.0-beta.5",
      "date-format": "^2.1.0",
      "enzyme": "^3.10.0",
      "enzyme-adapter-react-16": "^1.14.0",
      "history": "^4.9.0",
      "jest-cli": "^24.9.0",
      "jspdf": "^1.5.3",
      "jwt-decode": "^2.2.0",
      "moment": "^2.24.0",
      "node-sass": "^4.12.0",
      "prop-types": "^15.7.2",
      "rc-datepicker": "^5.0.14",
      "react": "^16.8.6",
      "react-chartjs-2": "^2.7.6",
      "react-dnd": "^9.3.4",
      "react-dnd-html5-backend": "^9.3.4",
      "react-dom": "^16.8.6",
      "react-material-ui-form-validator": "^2.0.9",
      "react-moment": "^0.9.2",
      "react-phone-input-2": "^2.9.5",
      "react-redux": "^7.1.0",
      "react-router-dom": "^5.0.1",
      "react-scripts": "3.0.1",
      "react-select": "^3.0.4",
      "react-slick": "^0.25.2",
      "react-social-icons": "^4.1.0",
      "react-swipeable-views": "^0.13.3",
      "react-test-renderer": "^16.9.0",
      "react-uid": "^2.2.0",
      "redux": "^4.0.1",
      "redux-devtools-extension": "^2.13.8",
      "redux-thunk": "^2.3.0",
      "renderer": "^0.1.5",
      "slick-carousel": "^1.8.1",
      "sweetalert2": "^8.13.6"
    },
    "scripts": {
      "start": "react-scripts start",
      "build": "react-scripts build",
      "test": "react-scripts test",
      "eject": "react-scripts eject"
    },
    "eslintConfig": {
      "extends": "react-app",
      "overrides": [
        {
          "files": [
            "*.spec.js"
          ],
          "rules": {
            "no-unused-expressions": "off",
            "no-undef": "off"
          }
        }
      ],
      "rules": {
        "quotes": [
          "error",
          "single",
          {
            "avoidEscape": true
          }
        ],
        "quote-props": [
          "error",
          "as-needed"
        ],
        "jsx-quotes": [
          "error",
          "prefer-double"
        ],
        "dot-notation": [
          "error"
        ],
        "semi": [
          "error",
          "never"
        ]
      }
    },
    "browserslist": {
      "production": [
        ">0.2%",
        "not dead",
        "not op_mini all"
      ],
      "development": [
        "last 1 chrome version",
        "last 1 firefox version",
        "last 1 safari version"
      ]
    },
    "devDependencies": {
  <<<<<<< HEAD
      "@testing-library/react": "^9.1.4"
  =======
      "@testing-library/jest-dom": "^4.1.0",
      "@testing-library/react": "^9.1.4",
      "@testing-library/dom": "latest"
  >>>>>>> development
    }
  }

yarn manifest: 
  No manifest

Lockfile: 
  No lockfile
